Watching for file changes with StatReloader
[15/Jul/2026 10:19:18] "OPTIONS /api/v1/products/banners/ HTTP/1.1" 200 0
[15/Jul/2026 10:19:18] "OPTIONS /api/v1/cart/items/?session_id=slonma9jjul6nlfvkx3l6 HTTP/1.1" 200 0
[15/Jul/2026 10:19:18] "GET /api/v1/products/banners/ HTTP/1.1" 200 559
[15/Jul/2026 10:19:18] "OPTIONS /api/v1/products/categories/ HTTP/1.1" 200 0
[15/Jul/2026 10:19:18] "OPTIONS /api/v1/accounts/user/ HTTP/1.1" 200 0
[15/Jul/2026 10:19:18] "GET /api/v1/cart/items/?session_id=slonma9jjul6nlfvkx3l6 HTTP/1.1" 200 2585
[15/Jul/2026 10:19:18] "OPTIONS /api/v1/products/banners/ HTTP/1.1" 200 0
[15/Jul/2026 10:19:19] "OPTIONS /api/v1/cart/items/?session_id=slonma9jjul6nlfvkx3l6 HTTP/1.1" 200 0
[15/Jul/2026 10:19:19] "OPTIONS /api/v1/accounts/user/ HTTP/1.1" 200 0
[15/Jul/2026 10:19:19] "GET /api/v1/accounts/user/ HTTP/1.1" 200 346
[15/Jul/2026 10:19:19] "GET /api/v1/products/categories/ HTTP/1.1" 200 9583
[15/Jul/2026 10:19:19] "GET /api/v1/products/banners/ HTTP/1.1" 200 559
[15/Jul/2026 10:19:19] "GET /api/v1/accounts/user/ HTTP/1.1" 200 346
[15/Jul/2026 10:19:19] "GET /api/v1/cart/items/?session_id=slonma9jjul6nlfvkx3l6 HTTP/1.1" 200 2585
[15/Jul/2026 10:19:19] "OPTIONS /api/v1/products/products/?special_promo=true HTTP/1.1" 200 0
[15/Jul/2026 10:19:19] "OPTIONS /api/v1/cart/wishlist/ HTTP/1.1" 200 0
[15/Jul/2026 10:19:20] "GET /api/v1/products/products/?special_promo=true HTTP/1.1" 200 2073
[15/Jul/2026 10:19:20] "GET /api/v1/cart/wishlist/ HTTP/1.1" 200 2
[15/Jul/2026 10:19:20] "OPTIONS /api/v1/products/products/?trending=true HTTP/1.1" 200 0
[15/Jul/2026 10:19:20] "GET /api/v1/cart/items/?session_id=slonma9jjul6nlfvkx3l6 HTTP/1.1" 200 2585
[15/Jul/2026 10:19:20] "GET /api/v1/products/categories/ HTTP/1.1" 200 9583
[15/Jul/2026 10:19:20] "GET /api/v1/products/products/?special_promo=true HTTP/1.1" 200 2073
[15/Jul/2026 10:19:25] "GET /api/v1/products/products/?trending=true HTTP/1.1" 200 316631
[15/Jul/2026 10:19:25] "OPTIONS /api/v1/products/products/?discount=true&sort=biggest_discount HTTP/1.1" 200 0
[15/Jul/2026 10:19:32] "GET /api/v1/products/products/?trending=true HTTP/1.1" 200 316631
[15/Jul/2026 10:19:35] "GET /api/v1/products/products/?discount=true&sort=biggest_discount HTTP/1.1" 200 673562
[15/Jul/2026 10:19:36] "OPTIONS /api/v1/products/products/?new_arrival=true HTTP/1.1" 200 0
[15/Jul/2026 10:19:42] "GET /api/v1/products/products/?new_arrival=true HTTP/1.1" 200 355357
[15/Jul/2026 10:19:43] "OPTIONS /api/v1/products/products/?sort=rating HTTP/1.1" 200 0
[15/Jul/2026 10:19:43] "GET /api/v1/products/products/?discount=true&sort=biggest_discount HTTP/1.1" 200 673562
[15/Jul/2026 10:19:47] "GET /api/v1/products/products/?new_arrival=true HTTP/1.1" 200 355357
[15/Jul/2026 10:19:48] "GET /api/v1/products/products/?sort=rating HTTP/1.1" 200 673562
[15/Jul/2026 10:19:49] "OPTIONS /api/v1/products/products/?best_seller=true HTTP/1.1" 200 0
[15/Jul/2026 10:19:53] "GET /api/v1/products/products/?best_seller=true HTTP/1.1" 200 516657
[15/Jul/2026 10:19:54] "GET /api/v1/products/products/?sort=rating HTTP/1.1" 200 673562
[15/Jul/2026 10:19:54] "OPTIONS /api/v1/products/products/?featured=true HTTP/1.1" 200 0
[15/Jul/2026 10:19:56] "GET /api/v1/products/products/?featured=true HTTP/1.1" 200 324411
[15/Jul/2026 10:19:57] "OPTIONS /api/v1/products/products/?category=electronics-gadgets HTTP/1.1" 200 0
[15/Jul/2026 10:19:58] "GET /api/v1/products/products/?category=electronics-gadgets HTTP/1.1" 200 195543
[15/Jul/2026 10:19:59] "OPTIONS /api/v1/products/products/?category=fashion-apparel HTTP/1.1" 200 0
[15/Jul/2026 10:20:00] "GET /api/v1/products/products/?category=fashion-apparel HTTP/1.1" 200 95896
[15/Jul/2026 10:20:00] "OPTIONS /api/v1/products/products/?category=home-kitchen-appliances HTTP/1.1" 200 0
[15/Jul/2026 10:20:00] "GET /api/v1/products/products/?best_seller=true HTTP/1.1" 200 516657
[15/Jul/2026 10:20:00] "GET /api/v1/products/products/?category=home-kitchen-appliances HTTP/1.1" 200 45025
[15/Jul/2026 10:20:02] "GET /api/v1/products/products/?featured=true HTTP/1.1" 200 324411
[15/Jul/2026 10:20:17] "GET /api/v1/products/products/?category=electronics-gadgets HTTP/1.1" 200 195543
[15/Jul/2026 10:20:24] "GET /api/v1/products/products/?category=fashion-apparel HTTP/1.1" 200 95896
[15/Jul/2026 10:20:37] "GET /api/v1/products/products/?category=home-kitchen-appliances HTTP/1.1" 200 45025
[15/Jul/2026 10:22:15] "OPTIONS /api/v1/products/products/ HTTP/1.1" 200 0
[15/Jul/2026 10:22:15] "GET /api/v1/accounts/user/ HTTP/1.1" 200 346
[15/Jul/2026 10:22:15] "GET /api/v1/cart/items/?session_id=slonma9jjul6nlfvkx3l6 HTTP/1.1" 200 2585
[15/Jul/2026 10:22:15] "GET /api/v1/products/categories/ HTTP/1.1" 200 9583
[15/Jul/2026 10:22:16] "GET /api/v1/products/categories/ HTTP/1.1" 200 9583
[15/Jul/2026 10:22:16] "GET /api/v1/accounts/user/ HTTP/1.1" 200 346
[15/Jul/2026 10:22:16] "GET /api/v1/cart/items/?session_id=slonma9jjul6nlfvkx3l6 HTTP/1.1" 200 2585
[15/Jul/2026 10:22:17] "OPTIONS /api/v1/products/brands/ HTTP/1.1" 200 0
[15/Jul/2026 10:22:17] "OPTIONS /api/v1/products/brands/ HTTP/1.1" 200 0
[15/Jul/2026 10:22:17] "GET /api/v1/products/brands/ HTTP/1.1" 200 5511
[15/Jul/2026 10:22:17] "GET /api/v1/products/brands/ HTTP/1.1" 200 5511
[15/Jul/2026 10:22:21] "GET /api/v1/cart/wishlist/ HTTP/1.1" 200 2
[15/Jul/2026 10:22:21] "GET /api/v1/products/products/ HTTP/1.1" 200 673562
[15/Jul/2026 10:22:21] "GET /api/v1/cart/items/?session_id=slonma9jjul6nlfvkx3l6 HTTP/1.1" 200 2585
[15/Jul/2026 10:22:26] "GET /api/v1/products/products/ HTTP/1.1" 200 673562
Unauthorized: /api/v1/products/categories/
[15/Jul/2026 10:26:33] "GET /api/v1/products/categories/ HTTP/1.1" 401 172
Unauthorized: /api/v1/products/products/
Unauthorized: /api/v1/cart/items/
Unauthorized: /api/v1/products/categories/
Unauthorized: /api/v1/accounts/user/
[15/Jul/2026 10:26:33] "GET /api/v1/products/products/ HTTP/1.1" 401 172
[15/Jul/2026 10:26:33] "GET /api/v1/products/categories/ HTTP/1.1" 401 172
[15/Jul/2026 10:26:33] "GET /api/v1/accounts/user/ HTTP/1.1" 401 172
[15/Jul/2026 10:26:33] "GET /api/v1/cart/items/?session_id=slonma9jjul6nlfvkx3l6 HTTP/1.1" 401 172
Unauthorized: /api/v1/products/products/
[15/Jul/2026 10:26:33] "GET /api/v1/products/products/ HTTP/1.1" 401 172
Unauthorized: /api/v1/accounts/user/
Unauthorized: /api/v1/cart/items/
[15/Jul/2026 10:26:33] "GET /api/v1/accounts/user/ HTTP/1.1" 401 172
[15/Jul/2026 10:26:33] "GET /api/v1/cart/items/?session_id=slonma9jjul6nlfvkx3l6 HTTP/1.1" 401 172
[15/Jul/2026 10:26:35] "OPTIONS /api/v1/auth/token/refresh/ HTTP/1.1" 200 0
[15/Jul/2026 10:26:35] "POST /api/v1/auth/token/refresh/ HTTP/1.1" 200 245
[15/Jul/2026 10:26:35] "POST /api/v1/auth/token/refresh/ HTTP/1.1" 200 245
[15/Jul/2026 10:26:35] "POST /api/v1/auth/token/refresh/ HTTP/1.1" 200 245
[15/Jul/2026 10:26:36] "POST /api/v1/auth/token/refresh/ HTTP/1.1" 200 245
[15/Jul/2026 10:26:36] "POST /api/v1/auth/token/refresh/ HTTP/1.1" 200 245
[15/Jul/2026 10:26:36] "POST /api/v1/auth/token/refresh/ HTTP/1.1" 200 245
[15/Jul/2026 10:26:37] "POST /api/v1/auth/token/refresh/ HTTP/1.1" 200 245
[15/Jul/2026 10:26:37] "POST /api/v1/auth/token/refresh/ HTTP/1.1" 200 245
[15/Jul/2026 10:26:39] "GET /api/v1/products/categories/ HTTP/1.1" 200 9583
[15/Jul/2026 10:26:40] "GET /api/v1/cart/items/?session_id=slonma9jjul6nlfvkx3l6 HTTP/1.1" 200 2585
[15/Jul/2026 10:26:40] "GET /api/v1/accounts/user/ HTTP/1.1" 200 346
[15/Jul/2026 10:26:41] "GET /api/v1/accounts/user/ HTTP/1.1" 200 346
[15/Jul/2026 10:26:41] "GET /api/v1/products/categories/ HTTP/1.1" 200 9583
[15/Jul/2026 10:26:41] "GET /api/v1/cart/items/?session_id=slonma9jjul6nlfvkx3l6 HTTP/1.1" 200 2585
[15/Jul/2026 10:26:41] "GET /api/v1/products/brands/ HTTP/1.1" 200 5511
[15/Jul/2026 10:26:45] "GET /api/v1/products/brands/ HTTP/1.1" 200 5511
[15/Jul/2026 10:26:45] "GET /api/v1/products/products/ HTTP/1.1" 200 673562
[15/Jul/2026 10:26:45] "GET /api/v1/cart/wishlist/ HTTP/1.1" 200 2
[15/Jul/2026 10:26:45] "GET /api/v1/cart/items/?session_id=slonma9jjul6nlfvkx3l6 HTTP/1.1" 200 2585
[15/Jul/2026 10:26:50] "GET /api/v1/products/products/ HTTP/1.1" 200 673562
[15/Jul/2026 10:33:23] "GET /api/v1/products/banners/ HTTP/1.1" 200 559
[15/Jul/2026 10:33:23] "GET /api/v1/accounts/user/ HTTP/1.1" 200 346
[15/Jul/2026 10:33:23] "GET /api/v1/products/banners/ HTTP/1.1" 200 559
[15/Jul/2026 10:33:23] "GET /api/v1/accounts/user/ HTTP/1.1" 200 346
[15/Jul/2026 10:33:23] "GET /api/v1/cart/items/?session_id=slonma9jjul6nlfvkx3l6 HTTP/1.1" 200 2585
[15/Jul/2026 10:33:23] "GET /api/v1/cart/items/?session_id=slonma9jjul6nlfvkx3l6 HTTP/1.1" 200 2585
[15/Jul/2026 10:33:25] "GET /api/v1/products/banners/ HTTP/1.1" 200 559
[15/Jul/2026 10:33:25] "GET /api/v1/accounts/user/ HTTP/1.1" 200 346
[15/Jul/2026 10:33:25] "GET /api/v1/products/banners/ HTTP/1.1" 200 559
[15/Jul/2026 10:33:26] "GET /api/v1/cart/items/?session_id=slonma9jjul6nlfvkx3l6 HTTP/1.1" 200 2585
[15/Jul/2026 10:33:26] "GET /api/v1/cart/wishlist/ HTTP/1.1" 200 2
[15/Jul/2026 10:33:26] "GET /api/v1/accounts/user/ HTTP/1.1" 200 346
[15/Jul/2026 10:33:26] "GET /api/v1/cart/items/?session_id=slonma9jjul6nlfvkx3l6 HTTP/1.1" 200 2585
[15/Jul/2026 10:33:27] "GET /api/v1/cart/items/?session_id=slonma9jjul6nlfvkx3l6 HTTP/1.1" 200 2585
[15/Jul/2026 10:33:28] "GET /api/v1/cart/wishlist/ HTTP/1.1" 200 2
[15/Jul/2026 10:33:29] "GET /api/v1/cart/items/?session_id=slonma9jjul6nlfvkx3l6 HTTP/1.1" 200 2585
[15/Jul/2026 10:33:29] "GET /api/v1/products/categories/ HTTP/1.1" 200 9583
[15/Jul/2026 10:33:29] "GET /api/v1/products/categories/ HTTP/1.1" 200 9583
[15/Jul/2026 10:33:29] "GET /api/v1/products/categories/ HTTP/1.1" 200 9583
[15/Jul/2026 10:33:30] "GET /api/v1/products/products/?special_promo=true HTTP/1.1" 200 2073
[15/Jul/2026 10:33:30] "GET /api/v1/products/categories/ HTTP/1.1" 200 9583
[15/Jul/2026 10:33:31] "GET /api/v1/products/products/?special_promo=true HTTP/1.1" 200 2073
[15/Jul/2026 10:33:38] "GET /api/v1/products/products/?special_promo=true HTTP/1.1" 200 2073
[15/Jul/2026 10:33:38] "GET /api/v1/products/products/?special_promo=true HTTP/1.1" 200 2073
[15/Jul/2026 10:33:48] "GET /api/v1/products/products/?trending=true HTTP/1.1" 200 316631
[15/Jul/2026 10:33:56] "GET /api/v1/products/products/?trending=true HTTP/1.1" 200 316631
[15/Jul/2026 10:34:06] "OPTIONS /api/v1/orders/ HTTP/1.1" 200 0
[15/Jul/2026 10:34:06] "OPTIONS /api/v1/orders/ HTTP/1.1" 200 0
[15/Jul/2026 10:34:07] "GET /api/v1/orders/ HTTP/1.1" 200 2
[15/Jul/2026 10:34:07] "GET /api/v1/orders/ HTTP/1.1" 200 2
[15/Jul/2026 10:34:13] "GET /api/v1/products/products/?trending=true HTTP/1.1" 200 316631
[15/Jul/2026 10:34:16] "OPTIONS /api/v1/accounts/addresses/ HTTP/1.1" 200 0
[15/Jul/2026 10:34:16] "OPTIONS /api/v1/accounts/addresses/ HTTP/1.1" 200 0
[15/Jul/2026 10:34:16] "GET /api/v1/accounts/addresses/ HTTP/1.1" 200 2
[15/Jul/2026 10:34:16] "GET /api/v1/accounts/addresses/ HTTP/1.1" 200 2
[15/Jul/2026 10:34:19] "GET /api/v1/products/products/?trending=true HTTP/1.1" 200 316631
[15/Jul/2026 10:34:21] "GET /api/v1/products/products/?discount=true&sort=biggest_discount HTTP/1.1" 200 673562
[15/Jul/2026 10:34:29] "GET /api/v1/products/products/?new_arrival=true HTTP/1.1" 200 355357
[15/Jul/2026 10:34:36] "GET /api/v1/products/products/?discount=true&sort=biggest_discount HTTP/1.1" 200 673562
[15/Jul/2026 10:34:41] "GET /api/v1/products/products/?discount=true&sort=biggest_discount HTTP/1.1" 200 673562
[15/Jul/2026 10:34:48] "GET /api/v1/products/products/?discount=true&sort=biggest_discount HTTP/1.1" 200 673562
[15/Jul/2026 10:34:51] "GET /api/v1/products/products/?new_arrival=true HTTP/1.1" 200 355357
[15/Jul/2026 10:34:51] "GET /api/v1/products/products/?sort=rating HTTP/1.1" 200 673562
[15/Jul/2026 10:35:17] "GET /api/v1/products/products/?new_arrival=true HTTP/1.1" 200 355357
[15/Jul/2026 10:35:24,894] - Broken pipe from ('127.0.0.1', 55588)
[15/Jul/2026 10:35:25] "GET /api/v1/products/products/?best_seller=true HTTP/1.1" 200 516657
[15/Jul/2026 10:35:27] "GET /api/v1/products/products/?sort=rating HTTP/1.1" 200 673562
[15/Jul/2026 10:35:29] "GET /api/v1/products/products/?featured=true HTTP/1.1" 200 324411
[15/Jul/2026 10:35:31] "GET /api/v1/products/products/?category=electronics-gadgets HTTP/1.1" 200 195543
[15/Jul/2026 10:35:32] "GET /api/v1/products/products/?category=fashion-apparel HTTP/1.1" 200 95896
[15/Jul/2026 10:35:33] "GET /api/v1/products/products/?best_seller=true HTTP/1.1" 200 516657
[15/Jul/2026 10:35:33] "GET /api/v1/products/products/?category=home-kitchen-appliances HTTP/1.1" 200 45025
[15/Jul/2026 10:35:35] "GET /api/v1/products/products/?featured=true HTTP/1.1" 200 324411
[15/Jul/2026 10:35:36] "GET /api/v1/products/products/?category=electronics-gadgets HTTP/1.1" 200 195543
[15/Jul/2026 10:35:37] "GET /api/v1/products/products/?category=fashion-apparel HTTP/1.1" 200 95896
[15/Jul/2026 10:35:37] "GET /api/v1/products/products/?category=home-kitchen-appliances HTTP/1.1" 200 45025
[15/Jul/2026 10:35:38] "GET /api/v1/accounts/user/ HTTP/1.1" 200 346
[15/Jul/2026 10:35:38] "GET /api/v1/cart/items/?session_id=slonma9jjul6nlfvkx3l6 HTTP/1.1" 200 2585
[15/Jul/2026 10:35:39] "GET /api/v1/cart/items/?session_id=slonma9jjul6nlfvkx3l6 HTTP/1.1" 200 2585
[15/Jul/2026 10:35:39] "GET /api/v1/accounts/user/ HTTP/1.1" 200 346
[15/Jul/2026 10:35:43] "GET /api/v1/cart/items/?session_id=slonma9jjul6nlfvkx3l6 HTTP/1.1" 200 2585
[15/Jul/2026 10:35:45] "GET /api/v1/cart/wishlist/ HTTP/1.1" 200 2
[15/Jul/2026 10:36:03] "POST /api/v1/accounts/addresses/ HTTP/1.1" 201 262
[15/Jul/2026 10:36:03] "GET /api/v1/accounts/addresses/ HTTP/1.1" 200 264
[15/Jul/2026 10:36:11] "OPTIONS /api/v1/payments/cod/checkout/ HTTP/1.1" 200 0
Failed to send order confirmation email for order ORD-20260715103611-2941: 'charmap' codec can't encode character '\U0001f525' in position 4791: character maps to <undefined>
[15/Jul/2026 10:36:11] "POST /api/v1/payments/cod/checkout/ HTTP/1.1" 201 3181
[15/Jul/2026 10:36:11] "OPTIONS /api/v1/cart/items/clear/ HTTP/1.1" 200 0
[15/Jul/2026 10:36:11] "POST /api/v1/cart/items/clear/ HTTP/1.1" 200 168
[15/Jul/2026 10:36:24] "GET /api/v1/orders/ HTTP/1.1" 200 3183
[15/Jul/2026 10:36:24] "GET /api/v1/orders/ HTTP/1.1" 200 3183
Not Found: /
[15/Jul/2026 10:37:20] "GET / HTTP/1.1" 404 2419
Not Found: /favicon.ico
[15/Jul/2026 10:37:21] "GET /favicon.ico HTTP/1.1" 404 2470
[15/Jul/2026 10:37:26] "GET /admin/ HTTP/1.1" 200 16934
[15/Jul/2026 10:37:27] "GET /static/admin/css/base.css HTTP/1.1" 304 0
[15/Jul/2026 10:37:27] "GET /static/admin/css/dark_mode.css HTTP/1.1" 304 0
[15/Jul/2026 10:37:27] "GET /static/admin/css/dashboard.css HTTP/1.1" 304 0
[15/Jul/2026 10:37:27] "GET /static/admin/js/theme.js HTTP/1.1" 304 0
[15/Jul/2026 10:37:27] "GET /static/admin/css/responsive.css HTTP/1.1" 304 0
[15/Jul/2026 10:37:27] "GET /static/admin/css/nav_sidebar.css HTTP/1.1" 304 0
[15/Jul/2026 10:37:27] "GET /static/admin/js/nav_sidebar.js HTTP/1.1" 304 0
[15/Jul/2026 10:37:27] "GET /static/admin/img/icon-addlink.svg HTTP/1.1" 304 0
[15/Jul/2026 10:37:27] "GET /static/admin/img/icon-changelink.svg HTTP/1.1" 304 0
[15/Jul/2026 10:37:31] "GET /admin/auth/user/ HTTP/1.1" 200 22510
[15/Jul/2026 10:37:31] "GET /admin/jsi18n/ HTTP/1.1" 200 3342
[15/Jul/2026 10:37:37] "GET /admin/auth/user/15/change/ HTTP/1.1" 200 31731
[15/Jul/2026 10:37:37] "GET /admin/jsi18n/ HTTP/1.1" 200 3342
[15/Jul/2026 10:37:38] "GET /static/admin/js/SelectBox.js HTTP/1.1" 200 4530
[15/Jul/2026 10:37:38] "GET /static/admin/js/prepopulate_init.js HTTP/1.1" 200 586
[15/Jul/2026 10:37:38] "GET /static/admin/js/calendar.js HTTP/1.1" 200 9141
[15/Jul/2026 10:37:38] "GET /static/admin/js/SelectFilter2.js HTTP/1.1" 200 15492
[15/Jul/2026 10:37:39] "GET /static/admin/css/forms.css HTTP/1.1" 200 9090
[15/Jul/2026 10:37:39] "GET /static/admin/css/widgets.css HTTP/1.1" 200 11800
[15/Jul/2026 10:37:39] "GET /static/admin/js/change_form.js HTTP/1.1" 200 606
[15/Jul/2026 10:37:39] "GET /static/admin/js/admin/DateTimeShortcuts.js HTTP/1.1" 200 19319
[15/Jul/2026 10:37:39] "GET /static/admin/img/icon-clock.svg HTTP/1.1" 200 677
[15/Jul/2026 10:37:39] "GET /static/admin/img/icon-calendar.svg HTTP/1.1" 200 1086
[15/Jul/2026 10:37:39] "GET /static/admin/img/selector-icons.svg HTTP/1.1" 200 3291
[15/Jul/2026 10:37:39] "GET /static/admin/img/icon-unknown-alt.svg HTTP/1.1" 200 655
[15/Jul/2026 10:37:39] "GET /static/admin/img/icon-unknown.svg HTTP/1.1" 200 655
[15/Jul/2026 10:38:03] "GET /api/v1/accounts/addresses/ HTTP/1.1" 200 264
[15/Jul/2026 10:38:03] "GET /api/v1/accounts/addresses/ HTTP/1.1" 200 264
[15/Jul/2026 10:38:06] "GET /admin/orders/order/ HTTP/1.1" 200 24117
[15/Jul/2026 10:38:07] "GET /admin/jsi18n/ HTTP/1.1" 200 3342
[15/Jul/2026 10:38:16] "GET /admin/orders/order/12/change/ HTTP/1.1" 200 69620
[15/Jul/2026 10:38:16] "GET /static/admin/js/inlines.js HTTP/1.1" 200 15526
[15/Jul/2026 10:38:16] "GET /admin/jsi18n/ HTTP/1.1" 200 3342
[15/Jul/2026 10:38:27] "POST /admin/orders/order/12/change/ HTTP/1.1" 302 0
[15/Jul/2026 10:38:27] "GET /admin/orders/order/ HTTP/1.1" 200 24357
[15/Jul/2026 10:38:28] "GET /admin/jsi18n/ HTTP/1.1" 200 3342
[15/Jul/2026 10:38:39] "GET /api/v1/accounts/user/ HTTP/1.1" 200 608
[15/Jul/2026 10:38:39] "GET /api/v1/cart/items/?session_id=slonma9jjul6nlfvkx3l6 HTTP/1.1" 200 168
[15/Jul/2026 10:38:39] "GET /api/v1/accounts/user/ HTTP/1.1" 200 608
[15/Jul/2026 10:38:39] "GET /api/v1/cart/items/?session_id=slonma9jjul6nlfvkx3l6 HTTP/1.1" 200 168
[15/Jul/2026 10:38:39] "GET /api/v1/cart/items/?session_id=slonma9jjul6nlfvkx3l6 HTTP/1.1" 200 168
[15/Jul/2026 10:38:40] "GET /api/v1/cart/wishlist/ HTTP/1.1" 200 2
[15/Jul/2026 10:38:40] "GET /api/v1/orders/ HTTP/1.1" 200 3186
[15/Jul/2026 10:38:40] "GET /api/v1/orders/ HTTP/1.1" 200 3186
[15/Jul/2026 10:39:18] "GET /admin/orders/order/12/change/ HTTP/1.1" 200 69620
[15/Jul/2026 10:39:18] "GET /admin/jsi18n/ HTTP/1.1" 200 3342
[15/Jul/2026 10:39:30] "POST /admin/orders/order/12/change/ HTTP/1.1" 302 0
[15/Jul/2026 10:39:31] "GET /admin/orders/order/ HTTP/1.1" 200 24354
[15/Jul/2026 10:39:31] "GET /admin/jsi18n/ HTTP/1.1" 200 3342
[15/Jul/2026 10:39:37] "GET /api/v1/accounts/user/ HTTP/1.1" 200 608
[15/Jul/2026 10:39:37] "GET /api/v1/cart/items/?session_id=slonma9jjul6nlfvkx3l6 HTTP/1.1" 200 168
[15/Jul/2026 10:39:38] "GET /api/v1/cart/items/?session_id=slonma9jjul6nlfvkx3l6 HTTP/1.1" 200 168
[15/Jul/2026 10:39:38] "GET /api/v1/accounts/user/ HTTP/1.1" 200 608
[15/Jul/2026 10:39:38] "GET /api/v1/orders/ HTTP/1.1" 200 3183
[15/Jul/2026 10:39:38] "GET /api/v1/orders/ HTTP/1.1" 200 3183
[15/Jul/2026 10:39:38] "GET /api/v1/cart/wishlist/ HTTP/1.1" 200 2
[15/Jul/2026 10:39:39] "GET /api/v1/cart/items/?session_id=slonma9jjul6nlfvkx3l6 HTTP/1.1" 200 168
[15/Jul/2026 10:40:03] "GET /admin/orders/order/12/change/ HTTP/1.1" 200 69620
[15/Jul/2026 10:40:04] "GET /admin/jsi18n/ HTTP/1.1" 200 3342
[15/Jul/2026 10:40:06] "GET /api/v1/cart/items/?session_id=slonma9jjul6nlfvkx3l6 HTTP/1.1" 200 168
[15/Jul/2026 10:40:06] "GET /api/v1/products/categories/ HTTP/1.1" 200 9583
[15/Jul/2026 10:40:06] "GET /api/v1/accounts/user/ HTTP/1.1" 200 608
[15/Jul/2026 10:40:06] "GET /api/v1/cart/items/?session_id=slonma9jjul6nlfvkx3l6 HTTP/1.1" 200 168
[15/Jul/2026 10:40:07] "GET /api/v1/products/categories/ HTTP/1.1" 200 9583
[15/Jul/2026 10:40:07] "GET /api/v1/accounts/user/ HTTP/1.1" 200 608
[15/Jul/2026 10:40:13] "POST /admin/orders/order/12/change/ HTTP/1.1" 302 0
[15/Jul/2026 10:40:13] "GET /api/v1/products/products/ HTTP/1.1" 200 673562
[15/Jul/2026 10:40:13] "GET /admin/orders/order/ HTTP/1.1" 200 24356
[15/Jul/2026 10:40:14] "GET /admin/jsi18n/ HTTP/1.1" 200 3342
[15/Jul/2026 10:40:14] "GET /api/v1/products/brands/ HTTP/1.1" 200 5511
[15/Jul/2026 10:40:17] "GET /api/v1/products/brands/ HTTP/1.1" 200 5511
[15/Jul/2026 10:40:19] "GET /api/v1/products/products/ HTTP/1.1" 200 673562
[15/Jul/2026 10:40:21] "GET /api/v1/cart/wishlist/ HTTP/1.1" 200 2
[15/Jul/2026 10:40:22] "GET /api/v1/cart/items/?session_id=slonma9jjul6nlfvkx3l6 HTTP/1.1" 200 168
[15/Jul/2026 10:40:29] "GET /api/v1/accounts/user/ HTTP/1.1" 200 608
[15/Jul/2026 10:40:29] "GET /api/v1/cart/items/?session_id=slonma9jjul6nlfvkx3l6 HTTP/1.1" 200 168
[15/Jul/2026 10:40:30] "GET /api/v1/products/categories/ HTTP/1.1" 200 9583
[15/Jul/2026 10:40:31] "GET /api/v1/cart/wishlist/ HTTP/1.1" 200 2
[15/Jul/2026 10:40:31] "GET /api/v1/accounts/user/ HTTP/1.1" 200 608
[15/Jul/2026 10:40:31] "GET /api/v1/products/brands/ HTTP/1.1" 200 5511
[15/Jul/2026 10:40:32] "GET /api/v1/cart/items/?session_id=slonma9jjul6nlfvkx3l6 HTTP/1.1" 200 168
[15/Jul/2026 10:40:32] "GET /api/v1/cart/items/?session_id=slonma9jjul6nlfvkx3l6 HTTP/1.1" 200 168
[15/Jul/2026 10:40:32] "GET /api/v1/products/categories/ HTTP/1.1" 200 9583
[15/Jul/2026 10:40:32] "GET /api/v1/products/brands/ HTTP/1.1" 200 5511
[15/Jul/2026 10:40:33] "GET /api/v1/orders/ HTTP/1.1" 200 3185
[15/Jul/2026 10:40:33] "GET /api/v1/orders/ HTTP/1.1" 200 3185
[15/Jul/2026 10:40:41] "GET /api/v1/products/products/ HTTP/1.1" 200 673562
[15/Jul/2026 10:40:46] "GET /api/v1/products/products/ HTTP/1.1" 200 673562
[15/Jul/2026 10:40:53] "GET /api/v1/products/categories/ HTTP/1.1" 200 9583
[15/Jul/2026 10:40:55] "GET /api/v1/cart/items/?session_id=slonma9jjul6nlfvkx3l6 HTTP/1.1" 200 168
[15/Jul/2026 10:40:56] "GET /api/v1/accounts/user/ HTTP/1.1" 200 608
[15/Jul/2026 10:40:56] "GET /api/v1/cart/items/?session_id=slonma9jjul6nlfvkx3l6 HTTP/1.1" 200 168
[15/Jul/2026 10:40:56] "GET /api/v1/accounts/user/ HTTP/1.1" 200 608
[15/Jul/2026 10:40:56] "GET /api/v1/products/categories/ HTTP/1.1" 200 9583
[15/Jul/2026 10:40:58] "GET /api/v1/products/products/ HTTP/1.1" 200 673562
[15/Jul/2026 10:41:01] "GET /api/v1/products/brands/ HTTP/1.1" 200 5511
[15/Jul/2026 10:41:01] "GET /api/v1/products/brands/ HTTP/1.1" 200 5511
[15/Jul/2026 10:41:05] "GET /admin/orders/order/12/change/ HTTP/1.1" 200 69620
[15/Jul/2026 10:41:05] "GET /admin/jsi18n/ HTTP/1.1" 200 3342
[15/Jul/2026 10:41:05] "GET /api/v1/products/products/ HTTP/1.1" 200 673562
[15/Jul/2026 10:41:22] "GET /api/v1/cart/wishlist/ HTTP/1.1" 200 2
[15/Jul/2026 10:41:23] "GET /api/v1/cart/items/?session_id=slonma9jjul6nlfvkx3l6 HTTP/1.1" 200 168
[15/Jul/2026 10:42:30] "POST /admin/orders/order/12/change/ HTTP/1.1" 302 0
[15/Jul/2026 10:42:31] "GET /admin/orders/order/ HTTP/1.1" 200 24358
[15/Jul/2026 10:42:31] "GET /admin/jsi18n/ HTTP/1.1" 200 3342
[15/Jul/2026 10:42:37] "GET /api/v1/accounts/user/ HTTP/1.1" 200 608
[15/Jul/2026 10:42:37] "GET /api/v1/cart/items/?session_id=slonma9jjul6nlfvkx3l6 HTTP/1.1" 200 168
[15/Jul/2026 10:42:37] "GET /api/v1/accounts/user/ HTTP/1.1" 200 608
[15/Jul/2026 10:42:37] "GET /api/v1/cart/items/?session_id=slonma9jjul6nlfvkx3l6 HTTP/1.1" 200 168
[15/Jul/2026 10:42:38] "GET /api/v1/cart/wishlist/ HTTP/1.1" 200 2
[15/Jul/2026 10:42:38] "GET /api/v1/cart/items/?session_id=slonma9jjul6nlfvkx3l6 HTTP/1.1" 200 168
[15/Jul/2026 10:42:47] "GET /admin/orders/order/12/change/ HTTP/1.1" 200 69620
[15/Jul/2026 10:42:47] "GET /admin/jsi18n/ HTTP/1.1" 200 3342
[15/Jul/2026 10:43:04] "POST /admin/orders/order/12/change/ HTTP/1.1" 302 0
[15/Jul/2026 10:43:04] "GET /admin/orders/order/ HTTP/1.1" 200 24357
[15/Jul/2026 10:43:04] "GET /admin/jsi18n/ HTTP/1.1" 200 3342
[15/Jul/2026 10:43:12] "GET /api/v1/accounts/user/ HTTP/1.1" 200 608
[15/Jul/2026 10:43:12] "GET /api/v1/cart/items/?session_id=slonma9jjul6nlfvkx3l6 HTTP/1.1" 200 168
[15/Jul/2026 10:43:12] "GET /api/v1/accounts/user/ HTTP/1.1" 200 608
[15/Jul/2026 10:43:12] "GET /api/v1/cart/items/?session_id=slonma9jjul6nlfvkx3l6 HTTP/1.1" 200 168
[15/Jul/2026 10:43:12] "GET /api/v1/cart/wishlist/ HTTP/1.1" 200 2
[15/Jul/2026 10:43:12] "GET /api/v1/cart/items/?session_id=slonma9jjul6nlfvkx3l6 HTTP/1.1" 200 168
[15/Jul/2026 10:43:23] "GET /api/v1/accounts/user/ HTTP/1.1" 200 608
[15/Jul/2026 10:43:23] "GET /api/v1/cart/items/?session_id=slonma9jjul6nlfvkx3l6 HTTP/1.1" 200 168
[15/Jul/2026 10:43:23] "GET /api/v1/accounts/user/ HTTP/1.1" 200 608
[15/Jul/2026 10:43:23] "GET /api/v1/cart/items/?session_id=slonma9jjul6nlfvkx3l6 HTTP/1.1" 200 168
[15/Jul/2026 10:43:23] "GET /api/v1/cart/wishlist/ HTTP/1.1" 200 2
[15/Jul/2026 10:43:23] "GET /api/v1/cart/items/?session_id=slonma9jjul6nlfvkx3l6 HTTP/1.1" 200 168
[15/Jul/2026 10:43:26] "GET /api/v1/orders/ HTTP/1.1" 200 3187
[15/Jul/2026 10:43:26] "GET /api/v1/orders/ HTTP/1.1" 200 3187
